f:\aibat\projects\visualstudio\sfmlproject\etg\vc143.pdb
f:\aibat\projects\visualstudio\sfmlproject\etg\main.obj
f:\aibat\projects\visualstudio\sfmlproject\etg\player.obj
f:\aibat\projects\visualstudio\sfmlproject\etg\rigidbody.obj
f:\aibat\projects\visualstudio\sfmlproject\etg\gameobject.obj
f:\aibat\projects\visualstudio\sfmlproject\etg\game.obj
f:\aibat\projects\visualstudio\sfmlproject\etg\time.obj
f:\aibat\projects\visualstudio\sfmlproject\etg\spriterenderer.obj
f:\aibat\projects\visualstudio\sfmlproject\etg\scene.obj
f:\aibat\projects\visualstudio\sfmlproject\etg\input.obj
f:\aibat\projects\visualstudio\sfmlproject\etg\gamescene.obj
f:\aibat\projects\visualstudio\sfmlproject\etg\gameobjectmanager.obj
f:\aibat\projects\visualstudio\sfmlproject\etg\camera.obj
f:\aibat\projects\visualstudio\sfmlproject\etg\collisionmanager.obj
f:\aibat\projects\visualstudio\sfmlproject\etg\math.obj
f:\aibat\projects\visualstudio\sfmlproject\etg\entity.obj
f:\aibat\projects\visualstudio\sfmlproject\etg\component.obj
f:\aibat\projects\visualstudio\sfmlproject\etg\bullet.obj
f:\aibat\projects\visualstudio\sfmlproject\etg\collider.obj
f:\aibat\projects\visualstudio\sfmlproject\etg\physicsmanager.obj
f:\aibat\projects\visualstudio\sfmlproject\etg\circlecollider.obj
f:\aibat\projects\visualstudio\sfmlproject\etg\collisiondetection.obj
f:\aibat\projects\visualstudio\sfmlproject\etg\wall.obj
f:\aibat\projects\visualstudio\sfmlproject\etg\rectanglecollider.obj
f:\aibat\projects\visualstudio\sfmlproject\etg\etg.ipdb
f:\aibat\projects\visualstudio\sfmlproject\etg\etg.iobj
f:\aibat\projects\visualstudio\sfmlproject\etg\etg.exe
f:\aibat\projects\visualstudio\sfmlproject\etg\etg.pdb
f:\aibat\projects\visualstudio\sfmlproject\etg\etg.res
z:\main\visual studio\visual studio\sfmlproject\sfmlproject\etg\bullet.obj
z:\main\visual studio\visual studio\sfmlproject\sfmlproject\etg\camera.obj
z:\main\visual studio\visual studio\sfmlproject\sfmlproject\etg\circlecollider.obj
z:\main\visual studio\visual studio\sfmlproject\sfmlproject\etg\collider.obj
z:\main\visual studio\visual studio\sfmlproject\sfmlproject\etg\collisiondetection.obj
z:\main\visual studio\visual studio\sfmlproject\sfmlproject\etg\collisionmanager.obj
z:\main\visual studio\visual studio\sfmlproject\sfmlproject\etg\component.obj
z:\main\visual studio\visual studio\sfmlproject\sfmlproject\etg\entity.obj
z:\main\visual studio\visual studio\sfmlproject\sfmlproject\etg\game.obj
z:\main\visual studio\visual studio\sfmlproject\sfmlproject\etg\gameobject.obj
z:\main\visual studio\visual studio\sfmlproject\sfmlproject\etg\gameobjectmanager.obj
z:\main\visual studio\visual studio\sfmlproject\sfmlproject\etg\gamescene.obj
z:\main\visual studio\visual studio\sfmlproject\sfmlproject\etg\input.obj
z:\main\visual studio\visual studio\sfmlproject\sfmlproject\etg\main.obj
z:\main\visual studio\visual studio\sfmlproject\sfmlproject\etg\math.obj
z:\main\visual studio\visual studio\sfmlproject\sfmlproject\etg\physicsmanager.obj
z:\main\visual studio\visual studio\sfmlproject\sfmlproject\etg\player.obj
z:\main\visual studio\visual studio\sfmlproject\sfmlproject\etg\rectanglecollider.obj
z:\main\visual studio\visual studio\sfmlproject\sfmlproject\etg\rigidbody.obj
z:\main\visual studio\visual studio\sfmlproject\sfmlproject\etg\scene.obj
z:\main\visual studio\visual studio\sfmlproject\sfmlproject\etg\spriterenderer.obj
z:\main\visual studio\visual studio\sfmlproject\sfmlproject\etg\time.obj
z:\main\visual studio\visual studio\sfmlproject\sfmlproject\etg\wall.obj
z:\main\visual studio\visual studio\sfmlproject\sfmlproject\etg\etg.ipdb
z:\main\visual studio\visual studio\sfmlproject\sfmlproject\etg\etg.iobj
z:\main\visual studio\visual studio\sfmlproject\sfmlproject\etg\etg.res
z:\main\visual studio\visual studio\sfmlproject\sfmlproject\etg\vc143.idb
z:\main\visual studio\visual studio\sfmlproject\sfmlproject\etg\etg.pdb
z:\main\visual studio\visual studio\sfmlproject\sfmlproject\etg\vc143.pdb
z:\main\visual studio\visual studio\sfmlproject\sfmlproject\etg\etg.exe
z:\main\visual studio\visual studio\sfmlproject\sfmlproject\etg\etg.tlog\cl.command.1.tlog
z:\main\visual studio\visual studio\sfmlproject\sfmlproject\etg\etg.tlog\cl.read.1.tlog
z:\main\visual studio\visual studio\sfmlproject\sfmlproject\etg\etg.tlog\cl.write.1.tlog
z:\main\visual studio\visual studio\sfmlproject\sfmlproject\etg\etg.tlog\link.command.1.tlog
z:\main\visual studio\visual studio\sfmlproject\sfmlproject\etg\etg.tlog\link.read.1.tlog
z:\main\visual studio\visual studio\sfmlproject\sfmlproject\etg\etg.tlog\link.write.1.tlog
z:\main\visual studio\visual studio\sfmlproject\sfmlproject\etg\etg.tlog\link.write.2u.tlog
z:\main\visual studio\visual studio\sfmlproject\sfmlproject\etg\etg.tlog\rc.command.1.tlog
z:\main\visual studio\visual studio\sfmlproject\sfmlproject\etg\etg.tlog\rc.read.1.tlog
z:\main\visual studio\visual studio\sfmlproject\sfmlproject\etg\etg.tlog\rc.write.1.tlog
